TN:
SF:code/calculator.js
FN:1,add
FN:5,subtract
FN:9,sum
FN:13,multiply
FN:17,power
FN:21,factorial
FNF:6
FNH:6
FNDA:2,add
FNDA:2,subtract
FNDA:2,sum
FNDA:2,multiply
FNDA:2,power
FNDA:2,factorial
DA:2,2
DA:6,2
DA:10,2
DA:14,2
DA:18,2
DA:22,2
DA:23,2
DA:24,7
DA:26,2
DA:29,1
LF:10
LH:10
BRF:0
BRH:0
end_of_record
TN:
SF:code/cart.js
FN:2,(anonymous_0)
FN:6,(anonymous_1)
FNF:2
FNH:0
FNDA:0,(anonymous_0)
FNDA:0,(anonymous_1)
DA:3,0
DA:7,0
DA:11,1
LF:3
LH:1
BRF:0
BRH:0
end_of_record
TN:
SF:code/mock.js
FN:1,map
FN:9,reduce
FNF:2
FNH:2
FNDA:1,map
FNDA:1,reduce
DA:2,1
DA:3,1
DA:4,2
DA:6,1
DA:10,1
DA:11,1
DA:12,2
DA:14,1
DA:17,1
LF:9
LH:9
BRDA:9,0,0,1
BRF:1
BRH:1
end_of_record
TN:
SF:code/removeFromArray.js
FN:1,removeFromArray
FNF:1
FNH:1
FNDA:3,removeFromArray
DA:2,3
DA:6,1
LF:2
LH:2
BRF:0
BRH:0
end_of_record
